<?xml version="1.0" encoding="UTF-8"?>
<!-- Generated by org.testng.reporters.JUnitReportReporter -->
<testsuite hostname="ISCHLAPHP17131" name="testJenkins.testJenkins.AppTest" tests="1" failures="0" timestamp="29 Nov 2019 10:47:31 GMT" time="214.652" errors="0">
  <testcase name="Jtest" time="214.652" classname="testJenkins.testJenkins.AppTest"/>
</testsuite> <!-- testJenkins.testJenkins.AppTest -->
