<?xml version="1.0" encoding="UTF-8"?>
<!-- Generated by org.testng.reporters.JUnitReportReporter -->
<testsuite hostname="ISCHLAPHP17131" name="testJenkins.testJenkins.AppTest" tests="1" failures="0" timestamp="2 Dec 2019 13:42:39 GMT" time="74.822" errors="0">
  <testcase name="Jtest" time="74.822" classname="testJenkins.testJenkins.AppTest"/>
</testsuite> <!-- testJenkins.testJenkins.AppTest -->
