<?xml version="1.0" encoding="UTF-8"?>
<!-- Generated by org.testng.reporters.JUnitReportReporter -->
<testsuite hostname="ISCHLAPHP17131" name="testJenkinns.testJenkinns.AppTest" tests="1" failures="0" timestamp="29 Nov 2019 09:28:34 GMT" time="116.008" errors="0">
  <testcase name="Jtest" time="116.008" classname="testJenkinns.testJenkinns.AppTest"/>
</testsuite> <!-- testJenkinns.testJenkinns.AppTest -->
